#
# There is insufficient memory for the Java Runtime Environment to continue.
# Native memory allocation (malloc) failed to allocate 44640 bytes for Chunk::new
# Possible reasons:
#   The system is out of physical RAM or swap space
#   The process is running with CompressedOops enabled, and the Java Heap may be blocking the growth of the native heap
# Possible solutions:
#   Reduce memory load on the system
#   Increase physical memory or swap space
#   Check if swap backing store is full
#   Decrease Java heap size (-Xmx/-Xms)
#   Decrease number of Java threads
#   Decrease Java thread stack sizes (-Xss)
#   Set larger code cache with -XX:ReservedCodeCacheSize=
#   JVM is running with Unscaled Compressed Oops mode in which the Java heap is
#     placed in the first 4GB address space. The Java Heap base address is the
#     maximum limit for the native heap growth. Please use -XX:HeapBaseMinAddress
#     to set the Java Heap base and to place the Java Heap above 4GB virtual address.
# This output file may be truncated or incomplete.
#
#  Out of Memory Error (arena.cpp:189), pid=13092, tid=5412
#
# JRE version: OpenJDK Runtime Environment Microsoft-8297089 (17.0.8.1+1) (build 17.0.8.1+1-LTS)
# Java VM: OpenJDK 64-Bit Server VM Microsoft-8297089 (17.0.8.1+1-LTS, mixed mode, sharing, tiered, compressed oops, compressed class ptrs, g1 gc, windows-amd64)
# No core dump will be written. Minidumps are not enabled by default on client versions of Windows
#

---------------  S U M M A R Y ------------

Command Line: -Dapplication.home=C:\Program Files (x86)\Android\openjdk\jdk-17.0.8.101-hotspot --add-modules=ALL-DEFAULT -Xms8m -Dfile.encoding=UTF8 -Djdk.module.main=jdk.compiler jdk.compiler/com.sun.tools.javac.Main @C:\Users\ishea\AppData\Local\Temp\tmp258F.tmp -target 1.8 -source 1.8

Host: AMD Ryzen 5 5625U with Radeon Graphics         , 12 cores, 7G,  Windows 11 , 64 bit Build 22621 (10.0.22621.3235)
Time: Wed Apr  3 19:28:28 2024 GMT Summer Time elapsed time: 9.365979 seconds (0d 0h 0m 9s)

---------------  T H R E A D  ---------------

Current thread (0x000001acf149b970):  JavaThread "C2 CompilerThread0" daemon [_thread_in_native, id=5412, stack(0x0000001ac0500000,0x0000001ac0600000)]


Current CompileTask:
C2:   9366 5612       4       com.sun.tools.javac.comp.Resolve$AbstractMethodCheck::argumentsAcceptable (288 bytes)

Stack: [0x0000001ac0500000,0x0000001ac0600000]
Native frames: (J=compiled Java code, j=interpreted, Vv=VM code, C=native code)
V  [jvm.dll+0x67bf3a]
V  [jvm.dll+0x83a024]
V  [jvm.dll+0x83b7ce]
V  [jvm.dll+0x83be33]
V  [jvm.dll+0x24785f]
V  [jvm.dll+0xac3bc]
V  [jvm.dll+0xac98c]
V  [jvm.dll+0x2af1f5]
V  [jvm.dll+0x584667]
V  [jvm.dll+0x222a82]
V  [jvm.dll+0x21bb2b]
V  [jvm.dll+0x21944b]
V  [jvm.dll+0x1a56b6]
V  [jvm.dll+0x2291ea]
V  [jvm.dll+0x22724c]
V  [jvm.dll+0x7efd0c]
V  [jvm.dll+0x7ea13a]
V  [jvm.dll+0x67ad85]
C  [ucrtbase.dll+0x29363]
C  [KERNEL32.DLL+0x1257d]
C  [ntdll.dll+0x5aa58]


---------------  P R O C E S S  ---------------

Threads class SMR info:
_java_thread_list=0x000001acf6fad890, length=13, elements={
0x000001acd12b0d30, 0x000001acf147c390, 0x000001acf147d010, 0x000001acf148e640,
0x000001acf1490010, 0x000001acf14919e0, 0x000001acf14923a0, 0x000001acf149b970,
0x000001acf14a66e0, 0x000001acf14ac860, 0x000001acf16e7970, 0x000001acf1755840,
0x000001acf6471e70
}

Java Threads: ( => current thread )
  0x000001acd12b0d30 JavaThread "main" [_thread_in_Java, id=29580, stack(0x0000001abf800000,0x0000001abf900000)]
  0x000001acf147c390 JavaThread "Reference Handler" daemon [_thread_blocked, id=21208, stack(0x0000001abff00000,0x0000001ac0000000)]
  0x000001acf147d010 JavaThread "Finalizer" daemon [_thread_blocked, id=33688, stack(0x0000001ac0000000,0x0000001ac0100000)]
  0x000001acf148e640 JavaThread "Signal Dispatcher" daemon [_thread_blocked, id=19972, stack(0x0000001ac0100000,0x0000001ac0200000)]
  0x000001acf1490010 JavaThread "Attach Listener" daemon [_thread_blocked, id=24988, stack(0x0000001ac0200000,0x0000001ac0300000)]
  0x000001acf14919e0 JavaThread "Service Thread" daemon [_thread_blocked, id=25688, stack(0x0000001ac0300000,0x0000001ac0400000)]
  0x000001acf14923a0 JavaThread "Monitor Deflation Thread" daemon [_thread_blocked, id=14692, stack(0x0000001ac0400000,0x0000001ac0500000)]
=>0x000001acf149b970 JavaThread "C2 CompilerThread0" daemon [_thread_in_native, id=5412, stack(0x0000001ac0500000,0x0000001ac0600000)]
  0x000001acf14a66e0 JavaThread "C1 CompilerThread0" daemon [_thread_in_native, id=15200, stack(0x0000001ac0600000,0x0000001ac0700000)]
  0x000001acf14ac860 JavaThread "Sweeper thread" daemon [_thread_blocked, id=21920, stack(0x0000001ac0700000,0x0000001ac0800000)]
  0x000001acf16e7970 JavaThread "Common-Cleaner" daemon [_thread_blocked, id=23412, stack(0x0000001ac0800000,0x0000001ac0900000)]
  0x000001acf1755840 JavaThread "Notification Thread" daemon [_thread_blocked, id=26796, stack(0x0000001ac0900000,0x0000001ac0a00000)]
  0x000001acf6471e70 JavaThread "C2 CompilerThread1" daemon [_thread_in_native, id=20172, stack(0x0000001ac1000000,0x0000001ac1100000)]

Other Threads:
  0x000001acf1478880 VMThread "VM Thread" [stack: 0x0000001abfe00000,0x0000001abff00000] [id=21760]
  0x000001acd1323530 WatcherThread [stack: 0x0000001ac0a00000,0x0000001ac0b00000] [id=22412]
  0x000001acd1306c40 GCTaskThread "GC Thread#0" [stack: 0x0000001abf900000,0x0000001abfa00000] [id=30128]
  0x000001acf1a32770 GCTaskThread "GC Thread#1" [stack: 0x0000001ac0b00000,0x0000001ac0c00000] [id=24520]
  0x000001acf19ee150 GCTaskThread "GC Thread#2" [stack: 0x0000001ac0c00000,0x0000001ac0d00000] [id=28216]
  0x000001acf19ee410 GCTaskThread "GC Thread#3" [stack: 0x0000001ac0d00000,0x0000001ac0e00000] [id=28600]
  0x000001acf632d600 GCTaskThread "GC Thread#4" [stack: 0x0000001ac0e00000,0x0000001ac0f00000] [id=16896]
  0x000001acf632d8c0 GCTaskThread "GC Thread#5" [stack: 0x0000001ac0f00000,0x0000001ac1000000] [id=27976]
  0x000001acf7569280 GCTaskThread "GC Thread#6" [stack: 0x0000001ac1300000,0x0000001ac1400000] [id=31648]
  0x000001acf17e0130 GCTaskThread "GC Thread#7" [stack: 0x0000001ac1c00000,0x0000001ac1d00000] [id=17352]
  0x000001acd13176e0 ConcurrentGCThread "G1 Main Marker" [stack: 0x0000001abfa00000,0x0000001abfb00000] [id=32156]
  0x000001acd13180f0 ConcurrentGCThread "G1 Conc#0" [stack: 0x0000001abfb00000,0x0000001abfc00000] [id=22680]
  0x000001acf1a6ca10 ConcurrentGCThread "G1 Conc#1" [stack: 0x0000001ac1100000,0x0000001ac1200000] [id=2348]
  0x000001acf647dfe0 ConcurrentGCThread "G1 Conc#2" [stack: 0x0000001ac1200000,0x0000001ac1300000] [id=31740]
  0x000001acd134e760 ConcurrentGCThread "G1 Refine#0" [stack: 0x0000001abfc00000,0x0000001abfd00000] [id=16628]
  0x000001acf6c8fd00 ConcurrentGCThread "G1 Refine#1" [stack: 0x0000001ac1400000,0x0000001ac1500000] [id=29284]
  0x000001acf7568180 ConcurrentGCThread "G1 Refine#2" [stack: 0x0000001ac1500000,0x0000001ac1600000] [id=34392]
  0x000001acf8194470 ConcurrentGCThread "G1 Refine#3" [stack: 0x0000001ac1600000,0x0000001ac1700000] [id=31072]
  0x000001acf8193ba0 ConcurrentGCThread "G1 Refine#4" [stack: 0x0000001ac1700000,0x0000001ac1800000] [id=13548]
  0x000001acf8192cf0 ConcurrentGCThread "G1 Refine#5" [stack: 0x0000001ac1800000,0x0000001ac1900000] [id=8648]
  0x000001acf8192fe0 ConcurrentGCThread "G1 Refine#6" [stack: 0x0000001ac1900000,0x0000001ac1a00000] [id=32044]
  0x000001acf6be13a0 ConcurrentGCThread "G1 Refine#7" [stack: 0x0000001ac1a00000,0x0000001ac1b00000] [id=29328]
  0x000001acf6be1690 ConcurrentGCThread "G1 Refine#8" [stack: 0x0000001ac1b00000,0x0000001ac1c00000] [id=34280]
  0x000001acd13501a0 ConcurrentGCThread "G1 Service" [stack: 0x0000001abfd00000,0x0000001abfe00000] [id=32696]

Threads with active compile tasks:
C2 CompilerThread0     9417 5612       4       com.sun.tools.javac.comp.Resolve$AbstractMethodCheck::argumentsAcceptable (288 bytes)
C2 CompilerThread1     9417 5606       4       com.sun.tools.javac.comp.Resolve::rawInstantiate (508 bytes)

VM state: not at safepoint (normal execution)

VM Mutex/Monitor currently owned by a thread: None

Heap address: 0x000000008a600000, size: 1882 MB, Compressed Oops mode: 32-bit

CDS archive(s) mapped at: [0x000001ac80000000-0x000001ac80bd0000-0x000001ac80bd0000), size 12386304, SharedBaseAddress: 0x000001ac80000000, ArchiveRelocationMode: 1.
Compressed class space mapped at: 0x000001ac81000000-0x000001acc1000000, reserved size: 1073741824
Narrow klass base: 0x000001ac80000000, Narrow klass shift: 0, Narrow klass range: 0x100000000

GC Precious Log:
 CPUs: 12 total, 12 available
 Memory: 7520M
 Large Page Support: Disabled
 NUMA Support: Disabled
 Compressed Oops: Enabled (32-bit)
 Heap Region Size: 1M
 Heap Min Capacity: 8M
 Heap Initial Capacity: 8M
 Heap Max Capacity: 1882M
 Pre-touch: Disabled
 Parallel Workers: 10
 Concurrent Workers: 3
 Concurrent Refinement Workers: 10
 Periodic GC: Disabled

Heap:
 garbage-first heap   total 245760K, used 113779K [0x000000008a600000, 0x0000000100000000)
  region size 1024K, 27 young (27648K), 9 survivors (9216K)
 Metaspace       used 11920K, committed 12096K, reserved 1114112K
  class space    used 1124K, committed 1216K, reserved 1048576K

Heap Regions: E=young(eden), S=young(survivor), O=old, HS=humongous(starts), HC=humongous(continues), CS=collection set, F=free, OA=open archive, CA=closed archive, TAMS=top-at-mark-start (previous, next)
|   0|0x000000008a600000, 0x000000008a700000, 0x000000008a700000|100%| O|  |TAMS 0x000000008a700000, 0x000000008a600000| Untracked 
|   1|0x000000008a700000, 0x000000008a800000, 0x000000008a800000|100%| O|  |TAMS 0x000000008a800000, 0x000000008a700000| Untracked 
|   2|0x000000008a800000, 0x000000008a900000, 0x000000008a900000|100%| O|  |TAMS 0x000000008a900000, 0x000000008a800000| Untracked 
|   3|0x000000008a900000, 0x000000008aa00000, 0x000000008aa00000|100%| O|  |TAMS 0x000000008aa00000, 0x000000008a900000| Untracked 
|   4|0x000000008aa00000, 0x000000008ab00000, 0x000000008ab00000|100%| O|  |TAMS 0x000000008ab00000, 0x000000008aa00000| Untracked 
|   5|0x000000008ab00000, 0x000000008ac00000, 0x000000008ac00000|100%| O|  |TAMS 0x000000008ac00000, 0x000000008ab00000| Untracked 
|   6|0x000000008ac00000, 0x000000008ad00000, 0x000000008ad00000|100%| O|  |TAMS 0x000000008ad00000, 0x000000008ac00000| Untracked 
|   7|0x000000008ad00000, 0x000000008ae00000, 0x000000008ae00000|100%|HS|  |TAMS 0x000000008ae00000, 0x000000008ad00000| Complete 
|   8|0x000000008ae00000, 0x000000008af00000, 0x000000008af00000|100%|HC|  |TAMS 0x000000008af00000, 0x000000008ae00000| Complete 
|   9|0x000000008af00000, 0x000000008b000000, 0x000000008b000000|100%|HC|  |TAMS 0x000000008b000000, 0x000000008af00000| Complete 
|  10|0x000000008b000000, 0x000000008b100000, 0x000000008b100000|100%| O|  |TAMS 0x000000008b100000, 0x000000008b000000| Untracked 
|  11|0x000000008b100000, 0x000000008b200000, 0x000000008b200000|100%|HS|  |TAMS 0x000000008b200000, 0x000000008b100000| Complete 
|  12|0x000000008b200000, 0x000000008b300000, 0x000000008b300000|100%|HC|  |TAMS 0x000000008b300000, 0x000000008b200000| Complete 
|  13|0x000000008b300000, 0x000000008b400000, 0x000000008b400000|100%|HC|  |TAMS 0x000000008b400000, 0x000000008b300000| Complete 
|  14|0x000000008b400000, 0x000000008b500000, 0x000000008b500000|100%|HC|  |TAMS 0x000000008b500000, 0x000000008b400000| Complete 
|  15|0x000000008b500000, 0x000000008b600000, 0x000000008b600000|100%|HC|  |TAMS 0x000000008b600000, 0x000000008b500000| Complete 
|  16|0x000000008b600000, 0x000000008b700000, 0x000000008b700000|100%|HS|  |TAMS 0x000000008b700000, 0x000000008b600000| Complete 
|  17|0x000000008b700000, 0x000000008b800000, 0x000000008b800000|100%| O|  |TAMS 0x000000008b800000, 0x000000008b700000| Untracked 
|  18|0x000000008b800000, 0x000000008b900000, 0x000000008b900000|100%| O|  |TAMS 0x000000008b900000, 0x000000008b800000| Untracked 
|  19|0x000000008b900000, 0x000000008ba00000, 0x000000008ba00000|100%| O|  |TAMS 0x000000008ba00000, 0x000000008b900000| Untracked 
|  20|0x000000008ba00000, 0x000000008bb00000, 0x000000008bb00000|100%|HS|  |TAMS 0x000000008bb00000, 0x000000008ba00000| Complete 
|  21|0x000000008bb00000, 0x000000008bc00000, 0x000000008bc00000|100%|HS|  |TAMS 0x000000008bc00000, 0x000000008bb00000| Complete 
|  22|0x000000008bc00000, 0x000000008bd00000, 0x000000008bd00000|100%|HC|  |TAMS 0x000000008bd00000, 0x000000008bc00000| Complete 
|  23|0x000000008bd00000, 0x000000008be00000, 0x000000008be00000|100%| O|  |TAMS 0x000000008bd00000, 0x000000008bd00000| Untracked 
|  24|0x000000008be00000, 0x000000008bf00000, 0x000000008bf00000|100%| O|  |TAMS 0x000000008bf00000, 0x000000008be00000| Untracked 
|  25|0x000000008bf00000, 0x000000008c000000, 0x000000008c000000|100%| O|  |TAMS 0x000000008c000000, 0x000000008bf00000| Untracked 
|  26|0x000000008c000000, 0x000000008c100000, 0x000000008c100000|100%| O|  |TAMS 0x000000008c100000, 0x000000008c000000| Untracked 
|  27|0x000000008c100000, 0x000000008c200000, 0x000000008c200000|100%| O|  |TAMS 0x000000008c200000, 0x000000008c100000| Untracked 
|  28|0x000000008c200000, 0x000000008c300000, 0x000000008c300000|100%| O|  |TAMS 0x000000008c300000, 0x000000008c200000| Untracked 
|  29|0x000000008c300000, 0x000000008c400000, 0x000000008c400000|100%| O|  |TAMS 0x000000008c400000, 0x000000008c300000| Untracked 
|  30|0x000000008c400000, 0x000000008c500000, 0x000000008c500000|100%| O|  |TAMS 0x000000008c500000, 0x000000008c400000| Untracked 
|  31|0x000000008c500000, 0x000000008c600000, 0x000000008c600000|100%| O|  |TAMS 0x000000008c600000, 0x000000008c500000| Untracked 
|  32|0x000000008c600000, 0x000000008c700000, 0x000000008c700000|100%| O|  |TAMS 0x000000008c700000, 0x000000008c600000| Untracked 
|  33|0x000000008c700000, 0x000000008c800000, 0x000000008c800000|100%| O|  |TAMS 0x000000008c800000, 0x000000008c700000| Untracked 
|  34|0x000000008c800000, 0x000000008c900000, 0x000000008c900000|100%| O|  |TAMS 0x000000008c900000, 0x000000008c800000| Untracked 
|  35|0x000000008c900000, 0x000000008ca00000, 0x000000008ca00000|100%| O|  |TAMS 0x000000008ca00000, 0x000000008c900000| Untracked 
|  36|0x000000008ca00000, 0x000000008cb00000, 0x000000008cb00000|100%| O|  |TAMS 0x000000008cb00000, 0x000000008ca00000| Untracked 
|  37|0x000000008cb00000, 0x000000008cc00000, 0x000000008cc00000|100%| O|  |TAMS 0x000000008cc00000, 0x000000008cb00000| Untracked 
|  38|0x000000008cc00000, 0x000000008cd00000, 0x000000008cd00000|100%| O|  |TAMS 0x000000008cd00000, 0x000000008cc00000| Untracked 
|  39|0x000000008cd00000, 0x000000008ce00000, 0x000000008ce00000|100%| O|  |TAMS 0x000000008ce00000, 0x000000008cd00000| Untracked 
|  40|0x000000008ce00000, 0x000000008cf00000, 0x000000008cf00000|100%| O|  |TAMS 0x000000008cf00000, 0x000000008ce00000| Untracked 
|  41|0x000000008cf00000, 0x000000008d000000, 0x000000008d000000|100%| O|  |TAMS 0x000000008d000000, 0x000000008cf00000| Untracked 
|  42|0x000000008d000000, 0x000000008d100000, 0x000000008d100000|100%| O|  |TAMS 0x000000008d100000, 0x000000008d000000| Untracked 
|  43|0x000000008d100000, 0x000000008d200000, 0x000000008d200000|100%| O|  |TAMS 0x000000008d200000, 0x000000008d100000| Untracked 
|  44|0x000000008d200000, 0x000000008d300000, 0x000000008d300000|100%| O|  |TAMS 0x000000008d300000, 0x000000008d200000| Untracked 
|  45|0x000000008d300000, 0x000000008d400000, 0x000000008d400000|100%| O|  |TAMS 0x000000008d400000, 0x000000008d300000| Untracked 
|  46|0x000000008d400000, 0x000000008d500000, 0x000000008d500000|100%| O|  |TAMS 0x000000008d500000, 0x000000008d400000| Untracked 
|  47|0x000000008d500000, 0x000000008d600000, 0x000000008d600000|100%| O|  |TAMS 0x000000008d600000, 0x000000008d500000| Untracked 
|  48|0x000000008d600000, 0x000000008d700000, 0x000000008d700000|100%| O|  |TAMS 0x000000008d700000, 0x000000008d600000| Untracked 
|  49|0x000000008d700000, 0x000000008d800000, 0x000000008d800000|100%| O|  |TAMS 0x000000008d800000, 0x000000008d700000| Untracked 
|  50|0x000000008d800000, 0x000000008d900000, 0x000000008d900000|100%| O|  |TAMS 0x000000008d900000, 0x000000008d800000| Untracked 
|  51|0x000000008d900000, 0x000000008da00000, 0x000000008da00000|100%| O|  |TAMS 0x000000008da00000, 0x000000008d900000| Untracked 
|  52|0x000000008da00000, 0x000000008db00000, 0x000000008db00000|100%| O|  |TAMS 0x000000008db00000, 0x000000008da00000| Untracked 
|  53|0x000000008db00000, 0x000000008dc00000, 0x000000008dc00000|100%| O|  |TAMS 0x000000008dc00000, 0x000000008db00000| Untracked 
|  54|0x000000008dc00000, 0x000000008dd00000, 0x000000008dd00000|100%| O|  |TAMS 0x000000008dd00000, 0x000000008dc00000| Untracked 
|  55|0x000000008dd00000, 0x000000008de00000, 0x000000008de00000|100%| O|  |TAMS 0x000000008de00000, 0x000000008dd00000| Untracked 
|  56|0x000000008de00000, 0x000000008df00000, 0x000000008df00000|100%| O|  |TAMS 0x000000008df00000, 0x000000008de00000| Untracked 
|  57|0x000000008df00000, 0x000000008e000000, 0x000000008e000000|100%| O|  |TAMS 0x000000008e000000, 0x000000008df00000| Untracked 
|  58|0x000000008e000000, 0x000000008e100000, 0x000000008e100000|100%| O|  |TAMS 0x000000008e100000, 0x000000008e000000| Untracked 
|  59|0x000000008e100000, 0x000000008e200000, 0x000000008e200000|100%| O|  |TAMS 0x000000008e200000, 0x000000008e100000| Untracked 
|  60|0x000000008e200000, 0x000000008e300000, 0x000000008e300000|100%| O|  |TAMS 0x000000008e300000, 0x000000008e200000| Untracked 
|  61|0x000000008e300000, 0x000000008e400000, 0x000000008e400000|100%| O|  |TAMS 0x000000008e400000, 0x000000008e300000| Untracked 
|  62|0x000000008e400000, 0x000000008e500000, 0x000000008e500000|100%| O|  |TAMS 0x000000008e400000, 0x000000008e400000| Untracked 
|  63|0x000000008e500000, 0x000000008e600000, 0x000000008e600000|100%| O|  |TAMS 0x000000008e500000, 0x000000008e500000| Untracked 
|  64|0x000000008e600000, 0x000000008e700000, 0x000000008e700000|100%| O|  |TAMS 0x000000008e600000, 0x000000008e600000| Untracked 
|  65|0x000000008e700000, 0x000000008e800000, 0x000000008e800000|100%| O|  |TAMS 0x000000008e800000, 0x000000008e700000| Untracked 
|  66|0x000000008e800000, 0x000000008e900000, 0x000000008e900000|100%| O|  |TAMS 0x000000008e900000, 0x000000008e800000| Untracked 
|  67|0x000000008e900000, 0x000000008ea00000, 0x000000008ea00000|100%| O|  |TAMS 0x000000008ea00000, 0x000000008e900000| Untracked 
|  68|0x000000008ea00000, 0x000000008eb00000, 0x000000008eb00000|100%| O|  |TAMS 0x000000008ea00000, 0x000000008ea00000| Untracked 
|  69|0x000000008eb00000, 0x000000008ec00000, 0x000000008ec00000|100%| O|  |TAMS 0x000000008eb00000, 0x000000008eb00000| Untracked 
|  70|0x000000008ec00000, 0x000000008ed00000, 0x000000008ed00000|100%|HS|  |TAMS 0x000000008ec00000, 0x000000008ec00000| Complete 
|  71|0x000000008ed00000, 0x000000008ee00000, 0x000000008ee00000|100%|HC|  |TAMS 0x000000008ed00000, 0x000000008ed00000| Complete 
|  72|0x000000008ee00000, 0x000000008ef00000, 0x000000008ef00000|100%|HC|  |TAMS 0x000000008ee00000, 0x000000008ee00000| Complete 
|  73|0x000000008ef00000, 0x000000008f000000, 0x000000008f000000|100%| O|  |TAMS 0x000000008ef00000, 0x000000008ef00000| Untracked 
|  74|0x000000008f000000, 0x000000008f100000, 0x000000008f100000|100%| O|  |TAMS 0x000000008f000000, 0x000000008f000000| Untracked 
|  75|0x000000008f100000, 0x000000008f200000, 0x000000008f200000|100%| O|  |TAMS 0x000000008f100000, 0x000000008f100000| Untracked 
|  76|0x000000008f200000, 0x000000008f300000, 0x000000008f300000|100%| O|  |TAMS 0x000000008f200000, 0x000000008f200000| Untracked 
|  77|0x000000008f300000, 0x000000008f400000, 0x000000008f400000|100%| O|  |TAMS 0x000000008f300000, 0x000000008f300000| Untracked 
|  78|0x000000008f400000, 0x000000008f500000, 0x000000008f500000|100%| O|  |TAMS 0x000000008f400000, 0x000000008f400000| Untracked 
|  79|0x000000008f500000, 0x000000008f600000, 0x000000008f600000|100%| O|  |TAMS 0x000000008f500000, 0x000000008f500000| Untracked 
|  80|0x000000008f600000, 0x000000008f700000, 0x000000008f700000|100%| O|  |TAMS 0x000000008f600000, 0x000000008f600000| Untracked 
|  81|0x000000008f700000, 0x000000008f800000, 0x000000008f800000|100%| O|  |TAMS 0x000000008f700000, 0x000000008f700000| Untracked 
|  82|0x000000008f800000, 0x000000008f900000, 0x000000008f900000|100%| O|  |TAMS 0x000000008f800000, 0x000000008f800000| Untracked 
|  83|0x000000008f900000, 0x000000008fa00000, 0x000000008fa00000|100%| O|  |TAMS 0x000000008f900000, 0x000000008f900000| Untracked 
|  84|0x000000008fa00000, 0x000000008fb00000, 0x000000008fb00000|100%| O|  |TAMS 0x000000008fa00000, 0x000000008fa00000| Untracked 
|  85|0x000000008fb00000, 0x000000008fb41c00, 0x000000008fc00000| 25%| O|  |TAMS 0x000000008fb00000, 0x000000008fb00000| Untracked 
|  86|0x000000008fc00000, 0x000000008fc00000, 0x000000008fd00000|  0%| F|  |TAMS 0x000000008fc00000, 0x000000008fc00000| Untracked 
|  87|0x000000008fd00000, 0x000000008fd00000, 0x000000008fe00000|  0%| F|  |TAMS 0x000000008fd00000, 0x000000008fd00000| Untracked 
|  88|0x000000008fe00000, 0x000000008fe00000, 0x000000008ff00000|  0%| F|  |TAMS 0x000000008fe00000, 0x000000008fe00000| Untracked 
|  89|0x000000008ff00000, 0x000000008ff00000, 0x0000000090000000|  0%| F|  |TAMS 0x000000008ff00000, 0x000000008ff00000| Untracked 
|  90|0x0000000090000000, 0x0000000090000000, 0x0000000090100000|  0%| F|  |TAMS 0x0000000090000000, 0x0000000090000000| Untracked 
|  91|0x0000000090100000, 0x0000000090100000, 0x0000000090200000|  0%| F|  |TAMS 0x0000000090100000, 0x0000000090100000| Untracked 
|  92|0x0000000090200000, 0x0000000090200000, 0x0000000090300000|  0%| F|  |TAMS 0x0000000090200000, 0x0000000090200000| Untracked 
|  93|0x0000000090300000, 0x0000000090300000, 0x0000000090400000|  0%| F|  |TAMS 0x0000000090300000, 0x0000000090300000| Untracked 
|  94|0x0000000090400000, 0x0000000090400000, 0x0000000090500000|  0%| F|  |TAMS 0x0000000090400000, 0x0000000090400000| Untracked 
|  95|0x0000000090500000, 0x0000000090500000, 0x0000000090600000|  0%| F|  |TAMS 0x0000000090500000, 0x0000000090500000| Untracked 
|  96|0x0000000090600000, 0x0000000090600000, 0x0000000090700000|  0%| F|  |TAMS 0x0000000090600000, 0x0000000090600000| Untracked 
|  97|0x0000000090700000, 0x0000000090700000, 0x0000000090800000|  0%| F|  |TAMS 0x0000000090700000, 0x0000000090700000| Untracked 
|  98|0x0000000090800000, 0x0000000090800000, 0x0000000090900000|  0%| F|  |TAMS 0x0000000090800000, 0x0000000090800000| Untracked 
|  99|0x0000000090900000, 0x0000000090900000, 0x0000000090a00000|  0%| F|  |TAMS 0x0000000090900000, 0x0000000090900000| Untracked 
| 100|0x0000000090a00000, 0x0000000090a00000, 0x0000000090b00000|  0%| F|  |TAMS 0x0000000090a00000, 0x0000000090a00000| Untracked 
| 101|0x0000000090b00000, 0x0000000090b00000, 0x0000000090c00000|  0%| F|  |TAMS 0x0000000090b00000, 0x0000000090b00000| Untracked 
| 102|0x0000000090c00000, 0x0000000090c00000, 0x0000000090d00000|  0%| F|  |TAMS 0x0000000090c00000, 0x0000000090c00000| Untracked 
| 103|0x0000000090d00000, 0x0000000090d00000, 0x0000000090e00000|  0%| F|  |TAMS 0x0000000090d00000, 0x0000000090d00000| Untracked 
| 104|0x0000000090e00000, 0x0000000090e00000, 0x0000000090f00000|  0%| F|  |TAMS 0x0000000090e00000, 0x0000000090e00000| Untracked 
| 105|0x0000000090f00000, 0x0000000090f00000, 0x0000000091000000|  0%| F|  |TAMS 0x0000000090f00000, 0x0000000090f00000| Untracked 
| 106|0x0000000091000000, 0x0000000091000000, 0x0000000091100000|  0%| F|  |TAMS 0x0000000091000000, 0x0000000091000000| Untracked 
| 107|0x0000000091100000, 0x0000000091100000, 0x0000000091200000|  0%| F|  |TAMS 0x0000000091100000, 0x0000000091100000| Untracked 
| 108|0x0000000091200000, 0x0000000091200000, 0x0000000091300000|  0%| F|  |TAMS 0x0000000091200000, 0x0000000091200000| Untracked 
| 109|0x0000000091300000, 0x0000000091300000, 0x0000000091400000|  0%| F|  |TAMS 0x0000000091300000, 0x0000000091300000| Untracked 
| 110|0x0000000091400000, 0x0000000091400000, 0x0000000091500000|  0%| F|  |TAMS 0x0000000091400000, 0x0000000091400000| Untracked 
| 111|0x0000000091500000, 0x0000000091500000, 0x0000000091600000|  0%| F|  |TAMS 0x0000000091500000, 0x0000000091500000| Untracked 
| 112|0x0000000091600000, 0x0000000091600000, 0x0000000091700000|  0%| F|  |TAMS 0x0000000091600000, 0x0000000091600000| Untracked 
| 113|0x0000000091700000, 0x0000000091700000, 0x0000000091800000|  0%| F|  |TAMS 0x0000000091700000, 0x0000000091700000| Untracked 
| 114|0x0000000091800000, 0x0000000091800000, 0x0000000091900000|  0%| F|  |TAMS 0x0000000091800000, 0x0000000091800000| Untracked 
| 115|0x0000000091900000, 0x0000000091900000, 0x0000000091a00000|  0%| F|  |TAMS 0x0000000091900000, 0x0000000091900000| Untracked 
| 116|0x0000000091a00000, 0x0000000091a00000, 0x0000000091b00000|  0%| F|  |TAMS 0x0000000091a00000, 0x0000000091a00000| Untracked 
| 117|0x0000000091b00000, 0x0000000091b00000, 0x0000000091c00000|  0%| F|  |TAMS 0x0000000091b00000, 0x0000000091b00000| Untracked 
| 118|0x0000000091c00000, 0x0000000091c00000, 0x0000000091d00000|  0%| F|  |TAMS 0x0000000091c00000, 0x0000000091c00000| Untracked 
| 119|0x0000000091d00000, 0x0000000091d00000, 0x0000000091e00000|  0%| F|  |TAMS 0x0000000091d00000, 0x0000000091d00000| Untracked 
| 120|0x0000000091e00000, 0x0000000091e00000, 0x0000000091f00000|  0%| F|  |TAMS 0x0000000091e00000, 0x0000000091e00000| Untracked 
| 121|0x0000000091f00000, 0x0000000091f00000, 0x0000000092000000|  0%| F|  |TAMS 0x0000000091f00000, 0x0000000091f00000| Untracked 
| 122|0x0000000092000000, 0x0000000092000000, 0x0000000092100000|  0%| F|  |TAMS 0x0000000092000000, 0x0000000092000000| Untracked 
| 123|0x0000000092100000, 0x0000000092100000, 0x0000000092200000|  0%| F|  |TAMS 0x0000000092100000, 0x0000000092100000| Untracked 
| 124|0x0000000092200000, 0x0000000092200000, 0x0000000092300000|  0%| F|  |TAMS 0x0000000092200000, 0x0000000092200000| Untracked 
| 125|0x0000000092300000, 0x0000000092300000, 0x0000000092400000|  0%| F|  |TAMS 0x0000000092300000, 0x0000000092300000| Untracked 
| 126|0x0000000092400000, 0x0000000092400000, 0x0000000092500000|  0%| F|  |TAMS 0x0000000092400000, 0x0000000092400000| Untracked 
| 127|0x0000000092500000, 0x0000000092500000, 0x0000000092600000|  0%| F|  |TAMS 0x0000000092500000, 0x0000000092500000| Untracked 
| 128|0x0000000092600000, 0x0000000092600000, 0x0000000092700000|  0%| F|  |TAMS 0x0000000092600000, 0x0000000092600000| Untracked 
| 129|0x0000000092700000, 0x0000000092700000, 0x0000000092800000|  0%| F|  |TAMS 0x0000000092700000, 0x0000000092700000| Untracked 
| 130|0x0000000092800000, 0x0000000092800000, 0x0000000092900000|  0%| F|  |TAMS 0x0000000092800000, 0x0000000092800000| Untracked 
| 131|0x0000000092900000, 0x0000000092900000, 0x0000000092a00000|  0%| F|  |TAMS 0x0000000092900000, 0x0000000092900000| Untracked 
| 132|0x0000000092a00000, 0x0000000092a00000, 0x0000000092b00000|  0%| F|  |TAMS 0x0000000092a00000, 0x0000000092a00000| Untracked 
| 133|0x0000000092b00000, 0x0000000092b00000, 0x0000000092c00000|  0%| F|  |TAMS 0x0000000092b00000, 0x0000000092b00000| Untracked 
| 134|0x0000000092c00000, 0x0000000092cdb2a0, 0x0000000092d00000| 85%| S|CS|TAMS 0x0000000092c00000, 0x0000000092c00000| Complete 
| 135|0x0000000092d00000, 0x0000000092e00000, 0x0000000092e00000|100%| S|CS|TAMS 0x0000000092d00000, 0x0000000092d00000| Complete 
| 136|0x0000000092e00000, 0x0000000092f00000, 0x0000000092f00000|100%| S|CS|TAMS 0x0000000092e00000, 0x0000000092e00000| Complete 
| 137|0x0000000092f00000, 0x0000000093000000, 0x0000000093000000|100%| S|CS|TAMS 0x0000000092f00000, 0x0000000092f00000| Complete 
| 138|0x0000000093000000, 0x0000000093100000, 0x0000000093100000|100%| S|CS|TAMS 0x0000000093000000, 0x0000000093000000| Complete 
| 139|0x0000000093100000, 0x0000000093200000, 0x0000000093200000|100%| S|CS|TAMS 0x0000000093100000, 0x0000000093100000| Complete 
| 140|0x0000000093200000, 0x0000000093300000, 0x0000000093300000|100%| S|CS|TAMS 0x0000000093200000, 0x0000000093200000| Complete 
| 141|0x0000000093300000, 0x0000000093400000, 0x0000000093400000|100%| S|CS|TAMS 0x0000000093300000, 0x0000000093300000| Complete 
| 142|0x0000000093400000, 0x0000000093500000, 0x0000000093500000|100%| S|CS|TAMS 0x0000000093400000, 0x0000000093400000| Complete 
| 143|0x0000000093500000, 0x0000000093500000, 0x0000000093600000|  0%| F|  |TAMS 0x0000000093500000, 0x0000000093500000| Untracked 
| 144|0x0000000093600000, 0x0000000093600000, 0x0000000093700000|  0%| F|  |TAMS 0x0000000093600000, 0x0000000093600000| Untracked 
| 145|0x0000000093700000, 0x0000000093700000, 0x0000000093800000|  0%| F|  |TAMS 0x0000000093700000, 0x0000000093700000| Untracked 
| 146|0x0000000093800000, 0x0000000093800000, 0x0000000093900000|  0%| F|  |TAMS 0x0000000093800000, 0x0000000093800000| Untracked 
| 147|0x0000000093900000, 0x0000000093900000, 0x0000000093a00000|  0%| F|  |TAMS 0x0000000093900000, 0x0000000093900000| Untracked 
| 148|0x0000000093a00000, 0x0000000093a00000, 0x0000000093b00000|  0%| F|  |TAMS 0x0000000093a00000, 0x0000000093a00000| Untracked 
| 149|0x0000000093b00000, 0x0000000093b00000, 0x0000000093c00000|  0%| F|  |TAMS 0x0000000093b00000, 0x0000000093b00000| Untracked 
| 150|0x0000000093c00000, 0x0000000093c00000, 0x0000000093d00000|  0%| F|  |TAMS 0x0000000093c00000, 0x0000000093c00000| Untracked 
| 151|0x0000000093d00000, 0x0000000093d00000, 0x0000000093e00000|  0%| F|  |TAMS 0x0000000093d00000, 0x0000000093d00000| Untracked 
| 152|0x0000000093e00000, 0x0000000093e00000, 0x0000000093f00000|  0%| F|  |TAMS 0x0000000093e00000, 0x0000000093e00000| Untracked 
| 153|0x0000000093f00000, 0x0000000093f00000, 0x0000000094000000|  0%| F|  |TAMS 0x0000000093f00000, 0x0000000093f00000| Untracked 
| 154|0x0000000094000000, 0x0000000094000000, 0x0000000094100000|  0%| F|  |TAMS 0x0000000094000000, 0x0000000094000000| Untracked 
| 155|0x0000000094100000, 0x0000000094100000, 0x0000000094200000|  0%| F|  |TAMS 0x0000000094100000, 0x0000000094100000| Untracked 
| 156|0x0000000094200000, 0x0000000094200000, 0x0000000094300000|  0%| F|  |TAMS 0x0000000094200000, 0x0000000094200000| Untracked 
| 157|0x0000000094300000, 0x0000000094300000, 0x0000000094400000|  0%| F|  |TAMS 0x0000000094300000, 0x0000000094300000| Untracked 
| 158|0x0000000094400000, 0x0000000094400000, 0x0000000094500000|  0%| F|  |TAMS 0x0000000094400000, 0x0000000094400000| Untracked 
| 159|0x0000000094500000, 0x0000000094500000, 0x0000000094600000|  0%| F|  |TAMS 0x0000000094500000, 0x0000000094500000| Untracked 
| 160|0x0000000094600000, 0x0000000094600000, 0x0000000094700000|  0%| F|  |TAMS 0x0000000094600000, 0x0000000094600000| Untracked 
| 161|0x0000000094700000, 0x0000000094700000, 0x0000000094800000|  0%| F|  |TAMS 0x0000000094700000, 0x0000000094700000| Untracked 
| 162|0x0000000094800000, 0x0000000094800000, 0x0000000094900000|  0%| F|  |TAMS 0x0000000094800000, 0x0000000094800000| Untracked 
| 163|0x0000000094900000, 0x0000000094900000, 0x0000000094a00000|  0%| F|  |TAMS 0x0000000094900000, 0x0000000094900000| Untracked 
| 164|0x0000000094a00000, 0x0000000094a00000, 0x0000000094b00000|  0%| F|  |TAMS 0x0000000094a00000, 0x0000000094a00000| Untracked 
| 165|0x0000000094b00000, 0x0000000094b00000, 0x0000000094c00000|  0%| F|  |TAMS 0x0000000094b00000, 0x0000000094b00000| Untracked 
| 166|0x0000000094c00000, 0x0000000094c00000, 0x0000000094d00000|  0%| F|  |TAMS 0x0000000094c00000, 0x0000000094c00000| Untracked 
| 167|0x0000000094d00000, 0x0000000094d00000, 0x0000000094e00000|  0%| F|  |TAMS 0x0000000094d00000, 0x0000000094d00000| Untracked 
| 168|0x0000000094e00000, 0x0000000094e00000, 0x0000000094f00000|  0%| F|  |TAMS 0x0000000094e00000, 0x0000000094e00000| Untracked 
| 169|0x0000000094f00000, 0x0000000094f00000, 0x0000000095000000|  0%| F|  |TAMS 0x0000000094f00000, 0x0000000094f00000| Untracked 
| 170|0x0000000095000000, 0x0000000095000000, 0x0000000095100000|  0%| F|  |TAMS 0x0000000095000000, 0x0000000095000000| Untracked 
| 171|0x0000000095100000, 0x0000000095100000, 0x0000000095200000|  0%| F|  |TAMS 0x0000000095100000, 0x0000000095100000| Untracked 
| 172|0x0000000095200000, 0x0000000095200000, 0x0000000095300000|  0%| F|  |TAMS 0x0000000095200000, 0x0000000095200000| Untracked 
| 173|0x0000000095300000, 0x0000000095300000, 0x0000000095400000|  0%| F|  |TAMS 0x0000000095300000, 0x0000000095300000| Untracked 
| 174|0x0000000095400000, 0x0000000095400000, 0x0000000095500000|  0%| F|  |TAMS 0x0000000095400000, 0x0000000095400000| Untracked 
| 175|0x0000000095500000, 0x0000000095500000, 0x0000000095600000|  0%| F|  |TAMS 0x0000000095500000, 0x0000000095500000| Untracked 
| 176|0x0000000095600000, 0x0000000095600000, 0x0000000095700000|  0%| F|  |TAMS 0x0000000095600000, 0x0000000095600000| Untracked 
| 177|0x0000000095700000, 0x0000000095700000, 0x0000000095800000|  0%| F|  |TAMS 0x0000000095700000, 0x0000000095700000| Untracked 
| 178|0x0000000095800000, 0x0000000095800000, 0x0000000095900000|  0%| F|  |TAMS 0x0000000095800000, 0x0000000095800000| Untracked 
| 179|0x0000000095900000, 0x0000000095900000, 0x0000000095a00000|  0%| F|  |TAMS 0x0000000095900000, 0x0000000095900000| Untracked 
| 180|0x0000000095a00000, 0x0000000095a00000, 0x0000000095b00000|  0%| F|  |TAMS 0x0000000095a00000, 0x0000000095a00000| Untracked 
| 181|0x0000000095b00000, 0x0000000095b00000, 0x0000000095c00000|  0%| F|  |TAMS 0x0000000095b00000, 0x0000000095b00000| Untracked 
| 182|0x0000000095c00000, 0x0000000095c00000, 0x0000000095d00000|  0%| F|  |TAMS 0x0000000095c00000, 0x0000000095c00000| Untracked 
| 183|0x0000000095d00000, 0x0000000095d00000, 0x0000000095e00000|  0%| F|  |TAMS 0x0000000095d00000, 0x0000000095d00000| Untracked 
| 184|0x0000000095e00000, 0x0000000095e00000, 0x0000000095f00000|  0%| F|  |TAMS 0x0000000095e00000, 0x0000000095e00000| Untracked 
| 185|0x0000000095f00000, 0x0000000095f00000, 0x0000000096000000|  0%| F|  |TAMS 0x0000000095f00000, 0x0000000095f00000| Untracked 
| 186|0x0000000096000000, 0x0000000096000000, 0x0000000096100000|  0%| F|  |TAMS 0x0000000096000000, 0x0000000096000000| Untracked 
| 187|0x0000000096100000, 0x0000000096100000, 0x0000000096200000|  0%| F|  |TAMS 0x0000000096100000, 0x0000000096100000| Untracked 
| 188|0x0000000096200000, 0x0000000096200000, 0x0000000096300000|  0%| F|  |TAMS 0x0000000096200000, 0x0000000096200000| Untracked 
| 189|0x0000000096300000, 0x0000000096300000, 0x0000000096400000|  0%| F|  |TAMS 0x0000000096300000, 0x0000000096300000| Untracked 
| 190|0x0000000096400000, 0x0000000096400000, 0x0000000096500000|  0%| F|  |TAMS 0x0000000096400000, 0x0000000096400000| Untracked 
| 191|0x0000000096500000, 0x0000000096500000, 0x0000000096600000|  0%| F|  |TAMS 0x0000000096500000, 0x0000000096500000| Untracked 
| 192|0x0000000096600000, 0x0000000096600000, 0x0000000096700000|  0%| F|  |TAMS 0x0000000096600000, 0x0000000096600000| Untracked 
| 193|0x0000000096700000, 0x0000000096700000, 0x0000000096800000|  0%| F|  |TAMS 0x0000000096700000, 0x0000000096700000| Untracked 
| 194|0x0000000096800000, 0x0000000096800000, 0x0000000096900000|  0%| F|  |TAMS 0x0000000096800000, 0x0000000096800000| Untracked 
| 195|0x0000000096900000, 0x0000000096900000, 0x0000000096a00000|  0%| F|  |TAMS 0x0000000096900000, 0x0000000096900000| Untracked 
| 196|0x0000000096a00000, 0x0000000096a00000, 0x0000000096b00000|  0%| F|  |TAMS 0x0000000096a00000, 0x0000000096a00000| Untracked 
| 197|0x0000000096b00000, 0x0000000096b00000, 0x0000000096c00000|  0%| F|  |TAMS 0x0000000096b00000, 0x0000000096b00000| Untracked 
| 198|0x0000000096c00000, 0x0000000096c00000, 0x0000000096d00000|  0%| F|  |TAMS 0x0000000096c00000, 0x0000000096c00000| Untracked 
| 199|0x0000000096d00000, 0x0000000096d00000, 0x0000000096e00000|  0%| F|  |TAMS 0x0000000096d00000, 0x0000000096d00000| Untracked 
| 200|0x0000000096e00000, 0x0000000096e00000, 0x0000000096f00000|  0%| F|  |TAMS 0x0000000096e00000, 0x0000000096e00000| Untracked 
| 201|0x0000000096f00000, 0x0000000096f00000, 0x0000000097000000|  0%| F|  |TAMS 0x0000000096f00000, 0x0000000096f00000| Untracked 
| 202|0x0000000097000000, 0x0000000097000000, 0x0000000097100000|  0%| F|  |TAMS 0x0000000097000000, 0x0000000097000000| Untracked 
| 203|0x0000000097100000, 0x0000000097100000, 0x0000000097200000|  0%| F|  |TAMS 0x0000000097100000, 0x0000000097100000| Untracked 
| 204|0x0000000097200000, 0x0000000097200000, 0x0000000097300000|  0%| F|  |TAMS 0x0000000097200000, 0x0000000097200000| Untracked 
| 205|0x0000000097300000, 0x0000000097300000, 0x0000000097400000|  0%| F|  |TAMS 0x0000000097300000, 0x0000000097300000| Untracked 
| 206|0x0000000097400000, 0x0000000097400000, 0x0000000097500000|  0%| F|  |TAMS 0x0000000097400000, 0x0000000097400000| Untracked 
| 207|0x0000000097500000, 0x0000000097500000, 0x0000000097600000|  0%| F|  |TAMS 0x0000000097500000, 0x0000000097500000| Untracked 
| 208|0x0000000097600000, 0x0000000097600000, 0x0000000097700000|  0%| F|  |TAMS 0x0000000097600000, 0x0000000097600000| Untracked 
| 209|0x0000000097700000, 0x0000000097700000, 0x0000000097800000|  0%| F|  |TAMS 0x0000000097700000, 0x0000000097700000| Untracked 
| 210|0x0000000097800000, 0x0000000097800000, 0x0000000097900000|  0%| F|  |TAMS 0x0000000097800000, 0x0000000097800000| Untracked 
| 211|0x0000000097900000, 0x0000000097900000, 0x0000000097a00000|  0%| F|  |TAMS 0x0000000097900000, 0x0000000097900000| Untracked 
| 212|0x0000000097a00000, 0x0000000097a00000, 0x0000000097b00000|  0%| F|  |TAMS 0x0000000097a00000, 0x0000000097a00000| Untracked 
| 213|0x0000000097b00000, 0x0000000097b00000, 0x0000000097c00000|  0%| F|  |TAMS 0x0000000097b00000, 0x0000000097b00000| Untracked 
| 214|0x0000000097c00000, 0x0000000097c00000, 0x0000000097d00000|  0%| F|  |TAMS 0x0000000097c00000, 0x0000000097c00000| Untracked 
| 215|0x0000000097d00000, 0x0000000097d00000, 0x0000000097e00000|  0%| F|  |TAMS 0x0000000097d00000, 0x0000000097d00000| Untracked 
| 216|0x0000000097e00000, 0x0000000097e00000, 0x0000000097f00000|  0%| F|  |TAMS 0x0000000097e00000, 0x0000000097e00000| Untracked 
| 217|0x0000000097f00000, 0x0000000097f00000, 0x0000000098000000|  0%| F|  |TAMS 0x0000000097f00000, 0x0000000097f00000| Untracked 
| 218|0x0000000098000000, 0x0000000098000000, 0x0000000098100000|  0%| F|  |TAMS 0x0000000098000000, 0x0000000098000000| Untracked 
| 219|0x0000000098100000, 0x0000000098100000, 0x0000000098200000|  0%| F|  |TAMS 0x0000000098100000, 0x0000000098100000| Untracked 
| 220|0x0000000098200000, 0x0000000098200000, 0x0000000098300000|  0%| F|  |TAMS 0x0000000098200000, 0x0000000098200000| Untracked 
| 221|0x0000000098300000, 0x0000000098300000, 0x0000000098400000|  0%| F|  |TAMS 0x0000000098300000, 0x0000000098300000| Untracked 
| 222|0x0000000098400000, 0x0000000098500000, 0x0000000098500000|100%| E|  |TAMS 0x0000000098400000, 0x0000000098400000| Complete 
| 223|0x0000000098500000, 0x0000000098600000, 0x0000000098600000|100%| E|CS|TAMS 0x0000000098500000, 0x0000000098500000| Complete 
| 224|0x0000000098600000, 0x0000000098700000, 0x0000000098700000|100%| E|CS|TAMS 0x0000000098600000, 0x0000000098600000| Complete 
| 225|0x0000000098700000, 0x0000000098800000, 0x0000000098800000|100%| E|CS|TAMS 0x0000000098700000, 0x0000000098700000| Complete 
| 226|0x0000000098800000, 0x0000000098900000, 0x0000000098900000|100%| E|CS|TAMS 0x0000000098800000, 0x0000000098800000| Complete 
| 227|0x0000000098900000, 0x0000000098a00000, 0x0000000098a00000|100%| E|CS|TAMS 0x0000000098900000, 0x0000000098900000| Complete 
| 228|0x0000000098a00000, 0x0000000098b00000, 0x0000000098b00000|100%| E|CS|TAMS 0x0000000098a00000, 0x0000000098a00000| Complete 
| 229|0x0000000098b00000, 0x0000000098c00000, 0x0000000098c00000|100%| E|CS|TAMS 0x0000000098b00000, 0x0000000098b00000| Complete 
| 230|0x0000000098c00000, 0x0000000098d00000, 0x0000000098d00000|100%| E|CS|TAMS 0x0000000098c00000, 0x0000000098c00000| Complete 
| 231|0x0000000098d00000, 0x0000000098e00000, 0x0000000098e00000|100%| E|CS|TAMS 0x0000000098d00000, 0x0000000098d00000| Complete 
| 232|0x0000000098e00000, 0x0000000098f00000, 0x0000000098f00000|100%| E|CS|TAMS 0x0000000098e00000, 0x0000000098e00000| Complete 
| 233|0x0000000098f00000, 0x0000000099000000, 0x0000000099000000|100%| E|CS|TAMS 0x0000000098f00000, 0x0000000098f00000| Complete 
| 234|0x0000000099000000, 0x0000000099100000, 0x0000000099100000|100%| E|CS|TAMS 0x0000000099000000, 0x0000000099000000| Complete 
| 235|0x0000000099100000, 0x0000000099200000, 0x0000000099200000|100%| E|CS|TAMS 0x0000000099100000, 0x0000000099100000| Complete 
| 236|0x0000000099200000, 0x0000000099300000, 0x0000000099300000|100%| E|CS|TAMS 0x0000000099200000, 0x0000000099200000| Complete 
| 237|0x0000000099300000, 0x0000000099400000, 0x0000000099400000|100%| E|CS|TAMS 0x0000000099300000, 0x0000000099300000| Complete 
| 238|0x0000000099400000, 0x0000000099500000, 0x0000000099500000|100%| E|CS|TAMS 0x0000000099400000, 0x0000000099400000| Complete 
| 239|0x0000000099500000, 0x0000000099600000, 0x0000000099600000|100%| E|CS|TAMS 0x0000000099500000, 0x0000000099500000| Complete 

Card table byte_map: [0x000001acea5b0000,0x000001acea960000] _byte_map_base: 0x000001acea15d000

Marking Bits (Prev, Next): (CMBitMap*) 0x000001acd1308270, (CMBitMap*) 0x000001acd13082b0
 Prev Bits: [0x000001acead10000, 0x000001aceca78000)
 Next Bits: [0x000001aceca80000, 0x000001acee7e8000)

Polling page: 0x000001acd10e0000

Metaspace:

Usage:
  Non-class:     10.54 MB used.
      Class:      1.10 MB used.
       Both:     11.64 MB used.

Virtual space:
  Non-class space:       64.00 MB reserved,      10.62 MB ( 17%) committed,  1 nodes.
      Class space:        1.00 GB reserved,       1.19 MB ( <1%) committed,  1 nodes.
             Both:        1.06 GB reserved,      11.81 MB (  1%) committed. 

Chunk freelists:
   Non-Class:  3.52 MB
       Class:  14.78 MB
        Both:  18.30 MB

MaxMetaspaceSize: unlimited
CompressedClassSpaceSize: 1.00 GB
Initial GC threshold: 21.00 MB
Current GC threshold: 21.00 MB
CDS: on
MetaspaceReclaimPolicy: balanced
 - commit_granule_bytes: 65536.
 - commit_granule_words: 8192.
 - virtual_space_node_default_size: 8388608.
 - enlarge_chunks_in_place: 1.
 - new_chunks_are_fully_committed: 0.
 - uncommit_free_chunks: 1.
 - use_allocation_guard: 0.
 - handle_deallocations: 1.


Internal statistics:

num_allocs_failed_limit: 0.
num_arena_births: 74.
num_arena_deaths: 0.
num_vsnodes_births: 2.
num_vsnodes_deaths: 0.
num_space_committed: 189.
num_space_uncommitted: 0.
num_chunks_returned_to_freelist: 0.
num_chunks_taken_from_freelist: 472.
num_chunk_merges: 0.
num_chunk_splits: 337.
num_chunks_enlarged: 283.
num_inconsistent_stats: 0.

CodeHeap 'non-profiled nmethods': size=120000Kb used=3140Kb max_used=3140Kb free=116859Kb
 bounds [0x000001ace2040000, 0x000001ace2360000, 0x000001ace9570000]
CodeHeap 'profiled nmethods': size=120000Kb used=8650Kb max_used=10452Kb free=111349Kb
 bounds [0x000001acda570000, 0x000001acdafb0000, 0x000001ace1aa0000]
CodeHeap 'non-nmethods': size=5760Kb used=1151Kb max_used=1214Kb free=4608Kb
 bounds [0x000001ace1aa0000, 0x000001ace1d10000, 0x000001ace2040000]
 total_blobs=4367 nmethods=3933 adapters=346
 compilation: enabled
              stopped_count=0, restarted_count=0
 full_count=0

Compilation events (20 events):
Event: 9.231 Thread 0x000001acf6471e70 nmethod 5527 0x000001ace206bd10 code [0x000001ace206bea0, 0x000001ace206bfb8]
Event: 9.231 Thread 0x000001acf6471e70 5445       4       com.sun.tools.javac.comp.Resolve::findIdent (15 bytes)
Event: 9.237 Thread 0x000001acf6471e70 nmethod 5445 0x000001ace206b010 code [0x000001ace206b200, 0x000001ace206b6c8]
Event: 9.238 Thread 0x000001acf6471e70 5446       4       com.sun.tools.javac.comp.Resolve::accessBase (16 bytes)
Event: 9.239 Thread 0x000001acf6471e70 nmethod 5446 0x000001ace207fc10 code [0x000001ace207fda0, 0x000001ace207fef8]
Event: 9.239 Thread 0x000001acf6471e70 5606       4       com.sun.tools.javac.comp.Resolve::rawInstantiate (508 bytes)
Event: 9.245 Thread 0x000001acf14a66e0 5611   !   3       com.sun.tools.javac.comp.Flow$AliveAnalyzer::analyzeTree (74 bytes)
Event: 9.245 Thread 0x000001acf14a66e0 nmethod 5611 0x000001acda9ddf90 code [0x000001acda9de1c0, 0x000001acda9debc8]
Event: 9.248 Thread 0x000001acf149b970 nmethod 5535 0x000001ace21b8f10 code [0x000001ace21b91c0, 0x000001ace21ba620]
Event: 9.248 Thread 0x000001acf149b970 5601       4       com.sun.tools.javac.comp.Resolve::resolveIdent (27 bytes)
Event: 9.257 Thread 0x000001acf14a66e0 5613       3       com.sun.tools.javac.tree.TreeScanner::visitNewClass (41 bytes)
Event: 9.257 Thread 0x000001acf149b970 nmethod 5601 0x000001ace207ea90 code [0x000001ace207eca0, 0x000001ace207f308]
Event: 9.257 Thread 0x000001acf14a66e0 nmethod 5613 0x000001acda976490 code [0x000001acda976660, 0x000001acda976b68]
Event: 9.257 Thread 0x000001acf149b970 5612       4       com.sun.tools.javac.comp.Resolve$AbstractMethodCheck::argumentsAcceptable (288 bytes)
Event: 9.311 Thread 0x000001acf14a66e0 5616       3       sun.nio.fs.WindowsPath::elementAsString (62 bytes)
Event: 9.312 Thread 0x000001acf14a66e0 nmethod 5616 0x000001acdab0fc90 code [0x000001acdab0fea0, 0x000001acdab10348]
Event: 9.325 Thread 0x000001acf14a66e0 5617       3       com.sun.tools.javac.comp.Attr::attribClassBody (702 bytes)
Event: 9.331 Thread 0x000001acf14a66e0 nmethod 5617 0x000001acdab3f910 code [0x000001acdab401a0, 0x000001acdab46668]
Event: 9.331 Thread 0x000001acf14a66e0 5618       3       com.sun.tools.javac.jvm.ClassWriter$StackMapTableFrame::isSameType (128 bytes)
Event: 9.333 Thread 0x000001acf14a66e0 nmethod 5618 0x000001acdadd1410 code [0x000001acdadd17a0, 0x000001acdadd37c8]

GC Heap History (20 events):
Event: 4.246 GC heap before
{Heap before GC invocations=30 (full 0):
 garbage-first heap   total 103424K, used 71680K [0x000000008a600000, 0x0000000100000000)
  region size 1024K, 43 young (44032K), 3 survivors (3072K)
 Metaspace       used 9170K, committed 9408K, reserved 1114112K
  class space    used 989K, committed 1088K, reserved 1048576K
}
Event: 4.267 GC heap after
{Heap after GC invocations=31 (full 0):
 garbage-first heap   total 103424K, used 42289K [0x000000008a600000, 0x0000000100000000)
  region size 1024K, 6 young (6144K), 6 survivors (6144K)
 Metaspace       used 9170K, committed 9408K, reserved 1114112K
  class space    used 989K, committed 1088K, reserved 1048576K
}
Event: 4.395 GC heap before
{Heap before GC invocations=31 (full 0):
 garbage-first heap   total 103424K, used 70961K [0x000000008a600000, 0x0000000100000000)
  region size 1024K, 34 young (34816K), 6 survivors (6144K)
 Metaspace       used 9269K, committed 9472K, reserved 1114112K
  class space    used 989K, committed 1088K, reserved 1048576K
}
Event: 4.427 GC heap after
{Heap after GC invocations=32 (full 0):
 garbage-first heap   total 103424K, used 63488K [0x000000008a600000, 0x0000000100000000)
  region size 1024K, 5 young (5120K), 5 survivors (5120K)
 Metaspace       used 9269K, committed 9472K, reserved 1114112K
  class space    used 989K, committed 1088K, reserved 1048576K
}
Event: 4.455 GC heap before
{Heap before GC invocations=32 (full 0):
 garbage-first heap   total 103424K, used 67584K [0x000000008a600000, 0x0000000100000000)
  region size 1024K, 10 young (10240K), 5 survivors (5120K)
 Metaspace       used 9292K, committed 9472K, reserved 1114112K
  class space    used 989K, committed 1088K, reserved 1048576K
}
Event: 4.470 GC heap after
{Heap after GC invocations=33 (full 0):
 garbage-first heap   total 103424K, used 67071K [0x000000008a600000, 0x0000000100000000)
  region size 1024K, 3 young (3072K), 3 survivors (3072K)
 Metaspace       used 9292K, committed 9472K, reserved 1114112K
  class space    used 989K, committed 1088K, reserved 1048576K
}
Event: 4.593 GC heap before
{Heap before GC invocations=34 (full 0):
 garbage-first heap   total 122880K, used 78335K [0x000000008a600000, 0x0000000100000000)
  region size 1024K, 12 young (12288K), 3 survivors (3072K)
 Metaspace       used 9424K, committed 9600K, reserved 1114112K
  class space    used 992K, committed 1088K, reserved 1048576K
}
Event: 4.606 GC heap after
{Heap after GC invocations=35 (full 0):
 garbage-first heap   total 122880K, used 70656K [0x000000008a600000, 0x0000000100000000)
  region size 1024K, 2 young (2048K), 2 survivors (2048K)
 Metaspace       used 9424K, committed 9600K, reserved 1114112K
  class space    used 992K, committed 1088K, reserved 1048576K
}
Event: 4.785 GC heap before
{Heap before GC invocations=35 (full 0):
 garbage-first heap   total 122880K, used 88064K [0x000000008a600000, 0x0000000100000000)
  region size 1024K, 19 young (19456K), 2 survivors (2048K)
 Metaspace       used 9515K, committed 9728K, reserved 1114112K
  class space    used 992K, committed 1088K, reserved 1048576K
}
Event: 4.799 GC heap after
{Heap after GC invocations=36 (full 0):
 garbage-first heap   total 245760K, used 74600K [0x000000008a600000, 0x0000000100000000)
  region size 1024K, 3 young (3072K), 3 survivors (3072K)
 Metaspace       used 9515K, committed 9728K, reserved 1114112K
  class space    used 992K, committed 1088K, reserved 1048576K
}
Event: 6.588 GC heap before
{Heap before GC invocations=37 (full 0):
 garbage-first heap   total 245760K, used 152424K [0x000000008a600000, 0x0000000100000000)
  region size 1024K, 76 young (77824K), 3 survivors (3072K)
 Metaspace       used 11395K, committed 11584K, reserved 1114112K
  class space    used 1122K, committed 1216K, reserved 1048576K
}
Event: 6.602 GC heap after
{Heap after GC invocations=38 (full 0):
 garbage-first heap   total 245760K, used 83409K [0x000000008a600000, 0x0000000100000000)
  region size 1024K, 10 young (10240K), 10 survivors (10240K)
 Metaspace       used 11395K, committed 11584K, reserved 1114112K
  class space    used 1122K, committed 1216K, reserved 1048576K
}
Event: 6.622 GC heap before
{Heap before GC invocations=38 (full 0):
 garbage-first heap   total 245760K, used 85457K [0x000000008a600000, 0x0000000100000000)
  region size 1024K, 12 young (12288K), 10 survivors (10240K)
 Metaspace       used 11405K, committed 11584K, reserved 1114112K
  class space    used 1122K, committed 1216K, reserved 1048576K
}
Event: 6.635 GC heap after
{Heap after GC invocations=39 (full 0):
 garbage-first heap   total 245760K, used 84704K [0x000000008a600000, 0x0000000100000000)
  region size 1024K, 2 young (2048K), 2 survivors (2048K)
 Metaspace       used 11405K, committed 11584K, reserved 1114112K
  class space    used 1122K, committed 1216K, reserved 1048576K
}
Event: 7.575 GC heap before
{Heap before GC invocations=39 (full 0):
 garbage-first heap   total 245760K, used 160480K [0x000000008a600000, 0x0000000100000000)
  region size 1024K, 76 young (77824K), 2 survivors (2048K)
 Metaspace       used 11696K, committed 11904K, reserved 1114112K
  class space    used 1123K, committed 1216K, reserved 1048576K
}
Event: 7.582 GC heap after
{Heap after GC invocations=40 (full 0):
 garbage-first heap   total 245760K, used 87902K [0x000000008a600000, 0x0000000100000000)
  region size 1024K, 5 young (5120K), 5 survivors (5120K)
 Metaspace       used 11696K, committed 11904K, reserved 1114112K
  class space    used 1123K, committed 1216K, reserved 1048576K
}
Event: 8.244 GC heap before
{Heap before GC invocations=40 (full 0):
 garbage-first heap   total 245760K, used 171870K [0x000000008a600000, 0x0000000100000000)
  region size 1024K, 87 young (89088K), 5 survivors (5120K)
 Metaspace       used 11828K, committed 12032K, reserved 1114112K
  class space    used 1123K, committed 1216K, reserved 1048576K
}
Event: 8.254 GC heap after
{Heap after GC invocations=41 (full 0):
 garbage-first heap   total 245760K, used 91839K [0x000000008a600000, 0x0000000100000000)
  region size 1024K, 9 young (9216K), 9 survivors (9216K)
 Metaspace       used 11828K, committed 12032K, reserved 1114112K
  class space    used 1123K, committed 1216K, reserved 1048576K
}
Event: 8.855 GC heap before
{Heap before GC invocations=41 (full 0):
 garbage-first heap   total 245760K, used 181951K [0x000000008a600000, 0x0000000100000000)
  region size 1024K, 97 young (99328K), 9 survivors (9216K)
 Metaspace       used 11892K, committed 12096K, reserved 1114112K
  class space    used 1123K, committed 1216K, reserved 1048576K
}
Event: 8.869 GC heap after
{Heap after GC invocations=42 (full 0):
 garbage-first heap   total 245760K, used 96371K [0x000000008a600000, 0x0000000100000000)
  region size 1024K, 9 young (9216K), 9 survivors (9216K)
 Metaspace       used 11892K, committed 12096K, reserved 1114112K
  class space    used 1123K, committed 1216K, reserved 1048576K
}

Dll operation events (6 events):
Event: 0.008 Loaded shared library C:\Program Files (x86)\Android\openjdk\jdk-17.0.8.101-hotspot\bin\java.dll
Event: 0.031 Loaded shared library C:\Program Files (x86)\Android\openjdk\jdk-17.0.8.101-hotspot\bin\jsvml.dll
Event: 0.074 Loaded shared library C:\Program Files (x86)\Android\openjdk\jdk-17.0.8.101-hotspot\bin\jimage.dll
Event: 0.161 Loaded shared library C:\Program Files (x86)\Android\openjdk\jdk-17.0.8.101-hotspot\bin\net.dll
Event: 0.166 Loaded shared library C:\Program Files (x86)\Android\openjdk\jdk-17.0.8.101-hotspot\bin\nio.dll
Event: 0.470 Loaded shared library C:\Program Files (x86)\Android\openjdk\jdk-17.0.8.101-hotspot\bin\zip.dll

Deoptimization events (20 events):
Event: 8.992 Thread 0x000001acd12b0d30 Uncommon trap: trap_request=0xffffff45 fr.pc=0x000001ace21d70e4 relative=0x0000000000000064
Event: 8.992 Thread 0x000001acd12b0d30 Uncommon trap: reason=unstable_if action=reinterpret pc=0x000001ace21d70e4 method=com.sun.tools.javac.code.Symbol.getRawTypeAttributes()Lcom/sun/tools/javac/util/List; @ 4 c2
Event: 8.992 Thread 0x000001acd12b0d30 DEOPT PACKING pc=0x000001ace21d70e4 sp=0x0000001abf8fdb40
Event: 8.992 Thread 0x000001acd12b0d30 DEOPT UNPACKING pc=0x000001ace1af69a3 sp=0x0000001abf8fdae0 mode 2
Event: 8.994 Thread 0x000001acd12b0d30 Uncommon trap: trap_request=0xffffff45 fr.pc=0x000001ace220ba88 relative=0x0000000000000348
Event: 8.994 Thread 0x000001acd12b0d30 Uncommon trap: reason=unstable_if action=reinterpret pc=0x000001ace220ba88 method=com.sun.tools.javac.code.Symbol.getRawAttributes()Lcom/sun/tools/javac/util/List; @ 4 c2
Event: 8.994 Thread 0x000001acd12b0d30 DEOPT PACKING pc=0x000001ace220ba88 sp=0x0000001abf8fe890
Event: 8.994 Thread 0x000001acd12b0d30 DEOPT UNPACKING pc=0x000001ace1af69a3 sp=0x0000001abf8fe7d8 mode 2
Event: 8.994 Thread 0x000001acd12b0d30 Uncommon trap: trap_request=0xffffffde fr.pc=0x000001ace2200930 relative=0x0000000000002ed0
Event: 8.994 Thread 0x000001acd12b0d30 Uncommon trap: reason=class_check action=maybe_recompile pc=0x000001ace2200930 method=com.sun.tools.javac.jvm.PoolWriter$WriteablePoolHelper.writeConstant(Lcom/sun/tools/javac/jvm/PoolConstant;)V @ 105 c2
Event: 8.994 Thread 0x000001acd12b0d30 DEOPT PACKING pc=0x000001ace2200930 sp=0x0000001abf8fe280
Event: 8.994 Thread 0x000001acd12b0d30 DEOPT UNPACKING pc=0x000001ace1af69a3 sp=0x0000001abf8fe258 mode 2
Event: 9.077 Thread 0x000001acd12b0d30 DEOPT PACKING pc=0x000001acda6d02e4 sp=0x0000001abf8fe7d0
Event: 9.077 Thread 0x000001acd12b0d30 DEOPT UNPACKING pc=0x000001ace1af7143 sp=0x0000001abf8fdd50 mode 0
Event: 9.140 Thread 0x000001acd12b0d30 DEOPT PACKING pc=0x000001acda743ad6 sp=0x0000001abf8fe8b0
Event: 9.140 Thread 0x000001acd12b0d30 DEOPT UNPACKING pc=0x000001ace1af7143 sp=0x0000001abf8fde40 mode 0
Event: 9.270 Thread 0x000001acd12b0d30 DEOPT PACKING pc=0x000001acdaab51db sp=0x0000001abf8febe0
Event: 9.270 Thread 0x000001acd12b0d30 DEOPT UNPACKING pc=0x000001ace1af7143 sp=0x0000001abf8fe080 mode 0
Event: 9.325 Thread 0x000001acd12b0d30 DEOPT PACKING pc=0x000001acda7f1022 sp=0x0000001abf8feaf0
Event: 9.325 Thread 0x000001acd12b0d30 DEOPT UNPACKING pc=0x000001ace1af7143 sp=0x0000001abf8fe0d8 mode 0

Classes unloaded (0 events):
No events

Classes redefined (0 events):
No events

Internal exceptions (20 events):
Event: 9.304 Thread 0x000001acd12b0d30 Exception <a 'sun/nio/fs/WindowsException'{0x0000000098677a08}> (0x0000000098677a08) 
thrown [s\src\hotspot\share\prims\jni.cpp, line 516]
Event: 9.305 Thread 0x000001acd12b0d30 Exception <a 'sun/nio/fs/WindowsException'{0x0000000098677f50}> (0x0000000098677f50) 
thrown [s\src\hotspot\share\prims\jni.cpp, line 516]
Event: 9.309 Thread 0x000001acd12b0d30 Exception <a 'sun/nio/fs/WindowsException'{0x0000000098696988}> (0x0000000098696988) 
thrown [s\src\hotspot\share\prims\jni.cpp, line 516]
Event: 9.309 Thread 0x000001acd12b0d30 Exception <a 'sun/nio/fs/WindowsException'{0x0000000098696ef0}> (0x0000000098696ef0) 
thrown [s\src\hotspot\share\prims\jni.cpp, line 516]
Event: 9.309 Thread 0x000001acd12b0d30 Exception <a 'sun/nio/fs/WindowsException'{0x0000000098697208}> (0x0000000098697208) 
thrown [s\src\hotspot\share\prims\jni.cpp, line 516]
Event: 9.309 Thread 0x000001acd12b0d30 Exception <a 'sun/nio/fs/WindowsException'{0x0000000098697748}> (0x0000000098697748) 
thrown [s\src\hotspot\share\prims\jni.cpp, line 516]
Event: 9.309 Thread 0x000001acd12b0d30 Exception <a 'sun/nio/fs/WindowsException'{0x0000000098697bc0}> (0x0000000098697bc0) 
thrown [s\src\hotspot\share\prims\jni.cpp, line 516]
Event: 9.309 Thread 0x000001acd12b0d30 Exception <a 'sun/nio/fs/WindowsException'{0x00000000986983c0}> (0x00000000986983c0) 
thrown [s\src\hotspot\share\prims\jni.cpp, line 516]
Event: 9.309 Thread 0x000001acd12b0d30 Exception <a 'sun/nio/fs/WindowsException'{0x0000000098698800}> (0x0000000098698800) 
thrown [s\src\hotspot\share\prims\jni.cpp, line 516]
Event: 9.309 Thread 0x000001acd12b0d30 Exception <a 'sun/nio/fs/WindowsException'{0x0000000098698fe8}> (0x0000000098698fe8) 
thrown [s\src\hotspot\share\prims\jni.cpp, line 516]
Event: 9.310 Thread 0x000001acd12b0d30 Exception <a 'sun/nio/fs/WindowsException'{0x00000000986993f8}> (0x00000000986993f8) 
thrown [s\src\hotspot\share\prims\jni.cpp, line 516]
Event: 9.310 Thread 0x000001acd12b0d30 Exception <a 'sun/nio/fs/WindowsException'{0x0000000098699bc8}> (0x0000000098699bc8) 
thrown [s\src\hotspot\share\prims\jni.cpp, line 516]
Event: 9.319 Thread 0x000001acd12b0d30 Exception <a 'sun/nio/fs/WindowsException'{0x00000000986bb3d8}> (0x00000000986bb3d8) 
thrown [s\src\hotspot\share\prims\jni.cpp, line 516]
Event: 9.319 Thread 0x000001acd12b0d30 Exception <a 'sun/nio/fs/WindowsException'{0x00000000986bb938}> (0x00000000986bb938) 
thrown [s\src\hotspot\share\prims\jni.cpp, line 516]
Event: 9.327 Thread 0x000001acd12b0d30 Exception <a 'sun/nio/fs/WindowsException'{0x00000000986dd118}> (0x00000000986dd118) 
thrown [s\src\hotspot\share\prims\jni.cpp, line 516]
Event: 9.332 Thread 0x000001acd12b0d30 Exception <a 'sun/nio/fs/WindowsException'{0x00000000986fcea0}> (0x00000000986fcea0) 
thrown [s\src\hotspot\share\prims\jni.cpp, line 516]
Event: 9.332 Thread 0x000001acd12b0d30 Exception <a 'sun/nio/fs/WindowsException'{0x00000000986fd400}> (0x00000000986fd400) 
thrown [s\src\hotspot\share\prims\jni.cpp, line 516]
Event: 9.342 Thread 0x000001acd12b0d30 Exception <a 'sun/nio/fs/WindowsException'{0x0000000098520428}> (0x0000000098520428) 
thrown [s\src\hotspot\share\prims\jni.cpp, line 516]
Event: 9.348 Thread 0x000001acd12b0d30 Exception <a 'sun/nio/fs/WindowsException'{0x0000000098540718}> (0x0000000098540718) 
thrown [s\src\hotspot\share\prims\jni.cpp, line 516]
Event: 9.348 Thread 0x000001acd12b0d30 Exception <a 'sun/nio/fs/WindowsException'{0x0000000098540c78}> (0x0000000098540c78) 
thrown [s\src\hotspot\share\prims\jni.cpp, line 516]

VM Operations (20 events):
Event: 7.167 Executing VM operation: ICBufferFull
Event: 7.168 Executing VM operation: ICBufferFull done
Event: 7.575 Executing VM operation: G1CollectForAllocation
Event: 7.582 Executing VM operation: G1CollectForAllocation done
Event: 8.021 Executing VM operation: ICBufferFull
Event: 8.021 Executing VM operation: ICBufferFull done
Event: 8.219 Executing VM operation: HandshakeAllThreads
Event: 8.219 Executing VM operation: HandshakeAllThreads done
Event: 8.244 Executing VM operation: G1CollectForAllocation
Event: 8.254 Executing VM operation: G1CollectForAllocation done
Event: 8.260 Executing VM operation: HandshakeAllThreads
Event: 8.260 Executing VM operation: HandshakeAllThreads done
Event: 8.282 Executing VM operation: HandshakeAllThreads
Event: 8.282 Executing VM operation: HandshakeAllThreads done
Event: 8.723 Executing VM operation: ICBufferFull
Event: 8.723 Executing VM operation: ICBufferFull done
Event: 8.855 Executing VM operation: G1CollectForAllocation
Event: 8.869 Executing VM operation: G1CollectForAllocation done
Event: 9.155 Executing VM operation: ICBufferFull
Event: 9.155 Executing VM operation: ICBufferFull done

Events (20 events):
Event: 8.287 Thread 0x000001acf14ac860 flushing nmethod 0x000001acdadd7910
Event: 8.287 Thread 0x000001acf14ac860 flushing nmethod 0x000001acdadd8390
Event: 8.287 Thread 0x000001acf14ac860 flushing nmethod 0x000001acdadd9010
Event: 8.287 Thread 0x000001acf14ac860 flushing nmethod 0x000001acdaddca90
Event: 8.287 Thread 0x000001acf14ac860 flushing nmethod 0x000001acdaddcf10
Event: 8.287 Thread 0x000001acf14ac860 flushing nmethod 0x000001acdade0690
Event: 8.287 Thread 0x000001acf14ac860 flushing nmethod 0x000001acdade2c10
Event: 8.287 Thread 0x000001acf14ac860 flushing nmethod 0x000001acdade4010
Event: 8.287 Thread 0x000001acf14ac860 flushing nmethod 0x000001acdadea910
Event: 8.287 Thread 0x000001acf14ac860 flushing nmethod 0x000001acdadf3d10
Event: 8.287 Thread 0x000001acf14ac860 flushing nmethod 0x000001acdadf6210
Event: 8.287 Thread 0x000001acf14ac860 flushing nmethod 0x000001acdadf9390
Event: 8.287 Thread 0x000001acf14ac860 flushing nmethod 0x000001acdadf9f10
Event: 8.288 Thread 0x000001acf14ac860 flushing nmethod 0x000001acdae07210
Event: 8.288 Thread 0x000001acf14ac860 flushing nmethod 0x000001acdae09290
Event: 8.288 Thread 0x000001acf14ac860 flushing nmethod 0x000001acdae51e10
Event: 8.288 Thread 0x000001acf14ac860 flushing nmethod 0x000001acdae61c10
Event: 8.288 Thread 0x000001acf14ac860 flushing nmethod 0x000001acdae76710
Event: 8.288 Thread 0x000001acf14ac860 flushing nmethod 0x000001acdae9bf90
Event: 8.288 Thread 0x000001acf14ac860 flushing nmethod 0x000001acdaeb6810


Dynamic libraries:
0x00007ff7212f0000 - 0x00007ff7212f8000 	C:\Program Files (x86)\Android\openjdk\jdk-17.0.8.101-hotspot\bin\javac.exe
0x00007ffa31f10000 - 0x00007ffa32126000 	C:\windows\SYSTEM32\ntdll.dll
0x00007ffa30e70000 - 0x00007ffa30f34000 	C:\windows\System32\KERNEL32.DLL
0x00007ffa2f530000 - 0x00007ffa2f8d6000 	C:\windows\System32\KERNELBASE.dll
0x00007ffa2f3e0000 - 0x00007ffa2f4f1000 	C:\windows\System32\ucrtbase.dll
0x00007ff9f17e0000 - 0x00007ff9f17f7000 	C:\Program Files (x86)\Android\openjdk\jdk-17.0.8.101-hotspot\bin\jli.dll
0x00007ff9f0430000 - 0x00007ff9f044b000 	C:\Program Files (x86)\Android\openjdk\jdk-17.0.8.101-hotspot\bin\VCRUNTIME140.dll
0x00007ffa31410000 - 0x00007ffa315bd000 	C:\windows\System32\USER32.dll
0x00007ffa0cfd0000 - 0x00007ffa0d263000 	C:\windows\WinSxS\amd64_microsoft.windows.common-controls_6595b64144ccf1df_6.0.22621.3235_none_270f74e173860f98\COMCTL32.dll
0x00007ffa2f8e0000 - 0x00007ffa2f906000 	C:\windows\System32\win32u.dll
0x00007ffa306b0000 - 0x00007ffa306d9000 	C:\windows\System32\GDI32.dll
0x00007ffa30560000 - 0x00007ffa30607000 	C:\windows\System32\msvcrt.dll
0x00007ffa2f250000 - 0x00007ffa2f368000 	C:\windows\System32\gdi32full.dll
0x00007ffa2f910000 - 0x00007ffa2f9aa000 	C:\windows\System32\msvcp_win.dll
0x00007ffa30610000 - 0x00007ffa30641000 	C:\windows\System32\IMM32.DLL
0x00007ffa05800000 - 0x00007ffa0580c000 	C:\Program Files (x86)\Android\openjdk\jdk-17.0.8.101-hotspot\bin\vcruntime140_1.dll
0x00007ff98cfa0000 - 0x00007ff98d02d000 	C:\Program Files (x86)\Android\openjdk\jdk-17.0.8.101-hotspot\bin\msvcp140.dll
0x00007ff92dfa0000 - 0x00007ff92ec05000 	C:\Program Files (x86)\Android\openjdk\jdk-17.0.8.101-hotspot\bin\server\jvm.dll
0x00007ffa30ff0000 - 0x00007ffa310a2000 	C:\windows\System32\ADVAPI32.dll
0x00007ffa31e20000 - 0x00007ffa31ec8000 	C:\windows\System32\sechost.dll
0x00007ffa2f500000 - 0x00007ffa2f528000 	C:\windows\System32\bcrypt.dll
0x00007ffa2fff0000 - 0x00007ffa30105000 	C:\windows\System32\RPCRT4.dll
0x00007ffa2eb60000 - 0x00007ffa2ebad000 	C:\windows\SYSTEM32\POWRPROF.dll
0x00007ffa0efa0000 - 0x00007ffa0efa9000 	C:\windows\SYSTEM32\WSOCK32.dll
0x00007ffa25cb0000 - 0x00007ffa25ce4000 	C:\windows\SYSTEM32\WINMM.dll
0x00007ffa30250000 - 0x00007ffa302c1000 	C:\windows\System32\WS2_32.dll
0x00007ffa25580000 - 0x00007ffa2558a000 	C:\windows\SYSTEM32\VERSION.dll
0x00007ffa2eb40000 - 0x00007ffa2eb53000 	C:\windows\SYSTEM32\UMPDC.dll
0x00007ffa2e250000 - 0x00007ffa2e268000 	C:\windows\SYSTEM32\kernel.appcore.dll
0x00007ff9f86b0000 - 0x00007ff9f86ba000 	C:\Program Files (x86)\Android\openjdk\jdk-17.0.8.101-hotspot\bin\jimage.dll
0x00007ffa1a6a0000 - 0x00007ffa1a8d3000 	C:\windows\SYSTEM32\DBGHELP.DLL
0x00007ffa2fc60000 - 0x00007ffa2ffe8000 	C:\windows\System32\combase.dll
0x00007ffa30110000 - 0x00007ffa301e7000 	C:\windows\System32\OLEAUT32.dll
0x00007ffa1bc10000 - 0x00007ffa1bc42000 	C:\windows\SYSTEM32\dbgcore.DLL
0x00007ffa2fa70000 - 0x00007ffa2faea000 	C:\windows\System32\bcryptPrimitives.dll
0x00007ff9ea080000 - 0x00007ff9ea0a5000 	C:\Program Files (x86)\Android\openjdk\jdk-17.0.8.101-hotspot\bin\java.dll
0x00007ff96d530000 - 0x00007ff96d607000 	C:\Program Files (x86)\Android\openjdk\jdk-17.0.8.101-hotspot\bin\jsvml.dll
0x00007ffa315c0000 - 0x00007ffa31e1d000 	C:\windows\System32\SHELL32.dll
0x00007ffa2d160000 - 0x00007ffa2da58000 	C:\windows\SYSTEM32\windows.storage.dll
0x00007ffa2d020000 - 0x00007ffa2d15e000 	C:\windows\SYSTEM32\wintypes.dll
0x00007ffa31210000 - 0x00007ffa31303000 	C:\windows\System32\SHCORE.dll
0x00007ffa301f0000 - 0x00007ffa3024e000 	C:\windows\System32\shlwapi.dll
0x00007ffa2f180000 - 0x00007ffa2f1a6000 	C:\windows\SYSTEM32\profapi.dll
0x00007ff9ef220000 - 0x00007ff9ef239000 	C:\Program Files (x86)\Android\openjdk\jdk-17.0.8.101-hotspot\bin\net.dll
0x00007ffa27da0000 - 0x00007ffa27ed7000 	C:\windows\SYSTEM32\WINHTTP.dll
0x00007ffa2e6c0000 - 0x00007ffa2e729000 	C:\windows\system32\mswsock.dll
0x00007ff9ec2f0000 - 0x00007ff9ec306000 	C:\Program Files (x86)\Android\openjdk\jdk-17.0.8.101-hotspot\bin\nio.dll
0x00007ff9ec1b0000 - 0x00007ff9ec1c8000 	C:\Program Files (x86)\Android\openjdk\jdk-17.0.8.101-hotspot\bin\zip.dll

dbghelp: loaded successfully - version: 4.0.5 - missing functions: none
symbol engine: initialized successfully - sym options: 0x614 - pdb path: .;C:\Program Files (x86)\Android\openjdk\jdk-17.0.8.101-hotspot\bin;C:\windows\SYSTEM32;C:\windows\WinSxS\amd64_microsoft.windows.common-controls_6595b64144ccf1df_6.0.22621.3235_none_270f74e173860f98;C:\Program Files (x86)\Android\openjdk\jdk-17.0.8.101-hotspot\bin\server

VM Arguments:
jvm_args: -Dapplication.home=C:\Program Files (x86)\Android\openjdk\jdk-17.0.8.101-hotspot --add-modules=ALL-DEFAULT -Xms8m -Dfile.encoding=UTF8 -Djdk.module.main=jdk.compiler 
java_command: jdk.compiler/com.sun.tools.javac.Main @C:\Users\ishea\AppData\Local\Temp\tmp258F.tmp -target 1.8 -source 1.8
java_class_path (initial): <not set>
Launcher Type: SUN_STANDARD

[Global flags]
     intx CICompilerCount                          = 4                                         {product} {ergonomic}
     uint ConcGCThreads                            = 3                                         {product} {ergonomic}
     uint G1ConcRefinementThreads                  = 10                                        {product} {ergonomic}
   size_t G1HeapRegionSize                         = 1048576                                   {product} {ergonomic}
    uintx GCDrainStackTargetSize                   = 64                                        {product} {ergonomic}
   size_t InitialHeapSize                          = 8388608                                   {product} {command line}
   size_t MarkStackSize                            = 4194304                                   {product} {ergonomic}
   size_t MaxHeapSize                              = 1973420032                                {product} {ergonomic}
   size_t MaxNewSize                               = 1183842304                                {product} {ergonomic}
   size_t MinHeapDeltaBytes                        = 1048576                                   {product} {ergonomic}
   size_t MinHeapSize                              = 8388608                                   {product} {command line}
    uintx NonNMethodCodeHeapSize                   = 5839372                                {pd product} {ergonomic}
    uintx NonProfiledCodeHeapSize                  = 122909434                              {pd product} {ergonomic}
    uintx ProfiledCodeHeapSize                     = 122909434                              {pd product} {ergonomic}
    uintx ReservedCodeCacheSize                    = 251658240                              {pd product} {ergonomic}
     bool SegmentedCodeCache                       = true                                      {product} {ergonomic}
   size_t SoftMaxHeapSize                          = 1973420032                             {manageable} {ergonomic}
     bool UseCompressedClassPointers               = true                           {product lp64_product} {ergonomic}
     bool UseCompressedOops                        = true                           {product lp64_product} {ergonomic}
     bool UseG1GC                                  = true                                      {product} {ergonomic}
     bool UseLargePagesIndividualAllocation        = false                                  {pd product} {ergonomic}

Logging:
Log output configuration:
 #0: stdout all=warning uptime,level,tags
 #1: stderr all=off uptime,level,tags

Environment Variables:
JAVA_HOME=C:\Program Files (x86)\Android\openjdk\jdk-17.0.8.101-hotspot
PATH=C:\Program Files (x86)\Android\openjdk\jdk-17.0.8.101-hotspot\bin;C:\Program Files (x86)\Common Files\Oracle\Java\javapath;C:\Ruby32-x64\bin;C:\Program Files\Common Files\Oracle\Java\javapath\PostgreSQL;C:\Program Files\Eclipse Adoptium\jdk-21.0.1.12-hotspot\bin;C:\windows\system32;C:\windows;C:\windows\System32\Wbem;C:\windows\System32\WindowsPowerShell\v1.0\;C:\windows\System32\OpenSSH\;C:\xampp\php;C:\ProgramData\ComposerSetup\bin;C:\Program Files\Docker\Docker\resources\bin;C:\Users\ishea\AppData\Roaming\nvm;C:\Program Files\nodejs;C:\Program Files\dotnet\;C:\Program Files\nodejs\;C:\Program Files\Microsoft SQL Server\150\Tools\Binn\;C:\Program Files\Microsoft SQL Server\Client SDK\ODBC\170\Tools\Binn\;C:\Ruby32-x64\bin\OnlineClothingApp\.rbenv\bin;C:\Ruby32-x64\bin\OnlineClothingApp\.rbenv\plugins\ruby-build\bin;C:\Program Files (x86)\Microsoft VS Code\bin;C:\Program Files (x86)\Microsoft SQL Server\160\DTS\Binn\;C:\Program Files\Azure Data Studio\bin;C:\Program Files (x86)\Microsoft SQL Server\160\Tools\Binn\;C:\Program Files\Microsoft SQL Server\160\Tools\Binn\;C:\Program Files\Microsoft SQL Server\160\DTS\Binn\;C:\Program Files (x86)\Android\android-sdk\platform-tools;C:\gradle-8.4\bin;C:\jdk-21.0.1\bin;C:\jdk-21.0.1\bin;C:\Program Files\Git\cmd;C:\flutter\bin;C:\Program Files\MySQL\MySQL Shell 8.0\bin\;C:\Program Files\Common Files\Oracle\Java\javapath\PostgreSQL;C:\Program Files (x86)\Common Files\Oracle\Java\javapath;C:\Program Files\Eclipse Adoptium\jdk-21.0.1.12-hotspot\bin;C:\windows\system32;C:\windows;C:\windows\System32\Wbem;C:\windows\System32\WindowsPowerShell\v1.0\;C:\windows\System32\OpenSSH\;C:\Program Files\Git\cmd;C:\xampp\php;C:\ProgramData\ComposerSetup\bin;C:\Program Files\Docker\Docker\resources\bin;C:\Users\ishea\AppData\Roaming\nvm;C:\Program Files\nodejs;C:\Program Files\dotnet\;C:\Program Files\nodejs\;C:\Program Files\Microsoft SQL Server\150\Tools\Binn\;C:\Program Files\Microsoft SQL Server\Client SDK\ODBC\170\Tools\Binn\;C:\Ruby3
USERNAME=ishea
OS=Windows_NT
PROCESSOR_IDENTIFIER=AMD64 Family 25 Model 80 Stepping 0, AuthenticAMD
TMP=C:\Users\ishea\AppData\Local\Temp
TEMP=C:\Users\ishea\AppData\Local\Temp



---------------  S Y S T E M  ---------------

OS:
 Windows 11 , 64 bit Build 22621 (10.0.22621.3235)
OS uptime: 5 days 18:58 hours
Hyper-V role detected

CPU: total 12 (initial active 12) (12 cores per cpu, 2 threads per core) family 25 model 80 stepping 0 microcode 0x0, cx8, cmov, fxsr, ht, mmx, 3dnowpref, sse, sse2, sse3, ssse3, sse4a, sse4.1, sse4.2, popcnt, lzcnt, tsc, tscinvbit, avx, avx2, aes, erms, clmul, bmi1, bmi2, adx, sha, fma, vzeroupper, clflush, clflushopt, hv
Processor Information for all 12 processors :
  Max Mhz: 2301, Current Mhz: 2301, Mhz Limit: 2301

Memory: 4k page, system-wide physical 7520M (350M free)
TotalPageFile size 31072M (AvailPageFile size 5M)
current process WorkingSet (physical memory assigned to process): 340M, peak: 342M
current process commit charge ("private bytes"): 394M, peak: 397M

vm_info: OpenJDK 64-Bit Server VM (17.0.8.1+1-LTS) for windows-amd64 JRE (17.0.8.1+1-LTS), built on Aug 23 2023 17:38:52 by "MicrosoftCorporation" with MS VC++ 16.10 / 16.11 (VS2019)

END.
